<component name="libraryTable">
  <library name="junit-4.12">
    <CLASSES>
      <root url="jar://$PROJECT_DIR$/lib/junit-4.12.jar!/" />
      <root url="jar://$PROJECT_DIR$/lib/hamcrest-core-1.3.jar!/" />
      <root url="jar://$PROJECT_DIR$/lib/junit-4.7.jar!/" />
      <root url="jar://$PROJECT_DIR$/lib/hamcrest-all-1.3.jar!/" />
      <root url="jar://$PROJECT_DIR$/lib/primefaces-6.1.jar!/" />
      <root url="jar://$PROJECT_DIR$/lib/javax.faces-2.4.0.jar!/" />
      <root url="jar://$PROJECT_DIR$/lib/primefaces-7.0.jar!/" />
    </CLASSES>
    <JAVADOC />
    <SOURCES>
      <root url="jar://$PROJECT_DIR$/lib/primefaces-6.1-sources.jar!/" />
    </SOURCES>
  </library>
</component>